#
# There is insufficient memory for the Java Runtime Environment to continue.
# Native memory allocation (malloc) failed to allocate 262160 bytes for Chunk::new
# Possible reasons:
#   The system is out of physical RAM or swap space
#   In 32 bit mode, the process size limit was hit
# Possible solutions:
#   Reduce memory load on the system
#   Increase physical memory or swap space
#   Check if swap backing store is full
#   Use 64 bit Java on a 64 bit OS
#   Decrease Java heap size (-Xmx/-Xms)
#   Decrease number of Java threads
#   Decrease Java thread stack sizes (-Xss)
#   Set larger code cache with -XX:ReservedCodeCacheSize=
# This output file may be truncated or incomplete.
#
#  Out of Memory Error (allocation.cpp:390), pid=11044, tid=8860
#
# JRE version: Java(TM) SE Runtime Environment (8.0_77-b03) (build 1.8.0_77-b03)
# Java VM: Java HotSpot(TM) 64-Bit Server VM (25.77-b03 mixed mode windows-amd64 compressed oops)
# Failed to write core dump. Minidumps are not enabled by default on client versions of Windows
#

---------------  T H R E A D  ---------------

Current thread (0x00000000170e3000):  JavaThread "C2 CompilerThread0" daemon [_thread_in_native, id=8860, stack(0x0000000017760000,0x0000000017860000)]

Stack: [0x0000000017760000,0x0000000017860000]
[error occurred during error reporting (printing stack bounds), id 0xc0000005]

Native frames: (J=compiled Java code, j=interpreted, Vv=VM code, C=native code)


Current CompileTask:
C2:   1163 1102   !   4       com.android.dx.cf.cst.ConstantPoolParser::parse0 (731 bytes)


---------------  P R O C E S S  ---------------

Java Threads: ( => current thread )
  0x0000000017447800 JavaThread "pool-1-thread-4" [_thread_blocked, id=11312, stack(0x0000000018960000,0x0000000018a60000)]
  0x000000001743c800 JavaThread "pool-1-thread-3" [_thread_in_Java, id=12228, stack(0x0000000018860000,0x0000000018960000)]
  0x00000000173c7800 JavaThread "pool-1-thread-2" [_thread_blocked, id=8268, stack(0x0000000018760000,0x0000000018860000)]
  0x00000000173af000 JavaThread "pool-2-thread-1" [_thread_blocked, id=9364, stack(0x0000000018660000,0x0000000018760000)]
  0x00000000173ae000 JavaThread "pool-1-thread-1" [_thread_blocked, id=13096, stack(0x0000000018560000,0x0000000018660000)]
  0x0000000017183000 JavaThread "Service Thread" daemon [_thread_blocked, id=10480, stack(0x0000000017b60000,0x0000000017c60000)]
  0x00000000170f5800 JavaThread "C1 CompilerThread3" daemon [_thread_in_native, id=1004, stack(0x0000000017a60000,0x0000000017b60000)]
  0x00000000170ed000 JavaThread "C2 CompilerThread2" daemon [_thread_in_native, id=5044, stack(0x0000000017960000,0x0000000017a60000)]
  0x00000000170e6000 JavaThread "C2 CompilerThread1" daemon [_thread_in_native, id=932, stack(0x0000000017860000,0x0000000017960000)]
=>0x00000000170e3000 JavaThread "C2 CompilerThread0" daemon [_thread_in_native, id=8860, stack(0x0000000017760000,0x0000000017860000)]
  0x00000000170e2000 JavaThread "Attach Listener" daemon [_thread_blocked, id=3292, stack(0x0000000017660000,0x0000000017760000)]
  0x0000000017097000 JavaThread "Signal Dispatcher" daemon [_thread_blocked, id=10544, stack(0x0000000017560000,0x0000000017660000)]
  0x0000000002668800 JavaThread "Finalizer" daemon [_thread_blocked, id=12376, stack(0x0000000017460000,0x0000000017560000)]
  0x000000001518d800 JavaThread "Reference Handler" daemon [_thread_blocked, id=2996, stack(0x0000000016f60000,0x0000000017060000)]
  0x0000000002570800 JavaThread "main" [_thread_in_Java, id=10540, stack(0x00000000023b0000,0x00000000024b0000)]

Other Threads:
  0x0000000015189000 VMThread [stack: 0x0000000016e60000,0x0000000016f60000] [id=884]
  0x0000000017201000 WatcherThread [stack: 0x0000000017c60000,0x0000000017d60000] [id=12496]

VM state:not at safepoint (normal execution)

VM Mutex/Monitor currently owned by a thread: None

Heap:
 PSYoungGen      total 38400K, used 25325K [0x00000000eab00000, 0x00000000ed580000, 0x0000000100000000)
  eden space 33280K, 60% used [0x00000000eab00000,0x00000000ebebbda0,0x00000000ecb80000)
  from space 5120K, 99% used [0x00000000ecb80000,0x00000000ed07f660,0x00000000ed080000)
  to   space 5120K, 0% used [0x00000000ed080000,0x00000000ed080000,0x00000000ed580000)
 ParOldGen       total 87552K, used 1257K [0x00000000c0000000, 0x00000000c5580000, 0x00000000eab00000)
  object space 87552K, 1% used [0x00000000c0000000,0x00000000c013a4f0,0x00000000c5580000)
 Metaspace       used 6079K, capacity 6964K, committed 7040K, reserved 1056768K
  class space    used 605K, capacity 620K, committed 640K, reserved 1048576K

Card table byte_map: [0x0000000011a30000,0x0000000011c40000] byte_map_base: 0x0000000011430000

Marking Bits: (ParMarkBitMap*) 0x0000000051ad0600
 Begin Bits: [0x00000000125a0000, 0x00000000135a0000)
 End Bits:   [0x00000000135a0000, 0x00000000145a0000)

Polling page: 0x0000000001fa0000

CodeCache: size=245760Kb used=4728Kb max_used=4728Kb free=241031Kb
 bounds [0x0000000002670000, 0x0000000002b20000, 0x0000000011670000]
 total_blobs=1485 nmethods=1214 adapters=184
 compilation: enabled

Compilation events (10 events):
Event: 1.067 Thread 0x00000000170e6000 1231       4       com.android.dx.ssa.SsaMethod$2::visitNonMoveInsn (6 bytes)
Event: 1.068 Thread 0x00000000170e6000 nmethod 1231 0x0000000002b04010 code [0x0000000002b04160, 0x0000000002b041e8]
Event: 1.068 Thread 0x00000000170e6000 1190       4       java.util.HashMap::put (13 bytes)
Event: 1.083 Thread 0x00000000170e6000 nmethod 1190 0x0000000002b04850 code [0x0000000002b04a20, 0x0000000002b05268]
Event: 1.083 Thread 0x00000000170e6000 1238       4       com.android.dx.ssa.SCCP::addBlockToWorklist (47 bytes)
Event: 1.100 Thread 0x00000000170e6000 nmethod 1238 0x0000000002b10a10 code [0x0000000002b10ba0, 0x0000000002b11408]
Event: 1.100 Thread 0x00000000170e6000 1239       4       java.util.ArrayList$SubList::size (9 bytes)
Event: 1.100 Thread 0x00000000170e6000 nmethod 1239 0x0000000002b045d0 code [0x0000000002b04700, 0x0000000002b04798]
Event: 1.100 Thread 0x00000000170e6000 1237   !   4       com.android.dx.cf.code.BytecodeArray::parseInstruction (2764 bytes)
Event: 1.161 Thread 0x00000000170f5800 1240       3       com.android.dx.rop.cst.Constant::compareTo (33 bytes)

GC Heap History (2 events):
Event: 0.912 GC heap before
{Heap before GC invocations=1 (full 0):
 PSYoungGen      total 38400K, used 33280K [0x00000000eab00000, 0x00000000ed580000, 0x0000000100000000)
  eden space 33280K, 100% used [0x00000000eab00000,0x00000000ecb80000,0x00000000ecb80000)
  from space 5120K, 0% used [0x00000000ed080000,0x00000000ed080000,0x00000000ed580000)
  to   space 5120K, 0% used [0x00000000ecb80000,0x00000000ecb80000,0x00000000ed080000)
 ParOldGen       total 87552K, used 0K [0x00000000c0000000, 0x00000000c5580000, 0x00000000eab00000)
  object space 87552K, 0% used [0x00000000c0000000,0x00000000c0000000,0x00000000c5580000)
 Metaspace       used 5990K, capacity 6900K, committed 7040K, reserved 1056768K
  class space    used 605K, capacity 620K, committed 640K, reserved 1048576K
Event: 0.944 GC heap after
Heap after GC invocations=1 (full 0):
 PSYoungGen      total 38400K, used 5117K [0x00000000eab00000, 0x00000000ed580000, 0x0000000100000000)
  eden space 33280K, 0% used [0x00000000eab00000,0x00000000eab00000,0x00000000ecb80000)
  from space 5120K, 99% used [0x00000000ecb80000,0x00000000ed07f660,0x00000000ed080000)
  to   space 5120K, 0% used [0x00000000ed080000,0x00000000ed080000,0x00000000ed580000)
 ParOldGen       total 87552K, used 1257K [0x00000000c0000000, 0x00000000c5580000, 0x00000000eab00000)
  object space 87552K, 1% used [0x00000000c0000000,0x00000000c013a4f0,0x00000000c5580000)
 Metaspace       used 5990K, capacity 6900K, committed 7040K, reserved 1056768K
  class space    used 605K, capacity 620K, committed 640K, reserved 1048576K
}

Deoptimization events (3 events):
Event: 0.310 Thread 0x0000000002570800 Uncommon trap: reason=unstable_if action=reinterpret pc=0x00000000027c64d4 method=java.lang.String.compareTo(Ljava/lang/String;)I @ 38
Event: 0.896 Thread 0x000000001743c800 Uncommon trap: reason=unstable_if action=reinterpret pc=0x0000000002960944 method=com.android.dx.rop.code.RegisterSpec.equals(ILcom/android/dx/rop/type/TypeBearer;Lcom/android/dx/rop/code/LocalItem;)Z @ 42
Event: 1.083 Thread 0x0000000002570800 Uncommon trap: reason=unstable_if action=reinterpret pc=0x00000000028f609c method=com.android.dx.rop.cst.Constant.compareTo(Lcom/android/dx/rop/cst/Constant;)I @ 12

Internal exceptions (2 events):
Event: 0.048 Thread 0x0000000002570800 Exception <a 'java/lang/NoSuchMethodError': Method sun.misc.Unsafe.defineClass(Ljava/lang/String;[BII)Ljava/lang/Class; name or signature does not match> (0x00000000eab07cc0) thrown at [D:\re\workspace\8-2-build-windows-amd64-cygwin\jdk8u77\6540\hotspot\srtì»ß‚¨?
Event: 0.048 Thread 0x0000000002570800 Exception <a 'java/lang/NoSuchMethodError': Method sun.misc.Unsafe.prefetchRead(Ljava/lang/Object;J)V name or signature does not match> (0x00000000eab07fa8) thrown at [D:\re\workspace\8-2-build-windows-amd64-cygwin\jdk8u77\6540\hotspot\src\share\vm\prims\j

Events (10 events):
Event: 0.859 loading class java/util/DualPivotQuicksort
Event: 0.859 loading class java/util/DualPivotQuicksort done
Event: 0.896 Thread 0x000000001743c800 Uncommon trap: trap_request=0xffffff65 fr.pc=0x0000000002960944
Event: 0.896 Thread 0x000000001743c800 DEOPT PACKING pc=0x0000000002960944 sp=0x000000001895ed20
Event: 0.896 Thread 0x000000001743c800 DEOPT UNPACKING pc=0x00000000026b582a sp=0x000000001895eca8 mode 2
Event: 0.912 Executing VM operation: ParallelGCFailedAllocation
Event: 0.945 Executing VM operation: ParallelGCFailedAllocation done
Event: 1.083 Thread 0x0000000002570800 Uncommon trap: trap_request=0xffffff65 fr.pc=0x00000000028f609c
Event: 1.083 Thread 0x0000000002570800 DEOPT PACKING pc=0x00000000028f609c sp=0x00000000024ae160
Event: 1.083 Thread 0x0000000002570800 DEOPT UNPACKING pc=0x00000000026b582a sp=0x00000000024ae100 mode 2


Dynamic libraries:
0x00007ff7760d0000 - 0x00007ff776107000 	D:\Java\jdk1.8.0_73\bin\java.exe
0x00007ffd55830000 - 0x00007ffd559f1000 	C:\WINDOWS\SYSTEM32\ntdll.dll
0x00007ffd52c10000 - 0x00007ffd52cbd000 	C:\WINDOWS\system32\KERNEL32.DLL
0x00007ffd51ec0000 - 0x00007ffd520a8000 	C:\WINDOWS\system32\KERNELBASE.dll
0x00007ffd52fe0000 - 0x00007ffd53087000 	C:\WINDOWS\system32\ADVAPI32.dll
0x00007ffd53db0000 - 0x00007ffd53e4d000 	C:\WINDOWS\system32\msvcrt.dll
0x00007ffd52de0000 - 0x00007ffd52e3b000 	C:\WINDOWS\system32\sechost.dll
0x00007ffd52cc0000 - 0x00007ffd52ddc000 	C:\WINDOWS\system32\RPCRT4.dll
0x00007ffd53a30000 - 0x00007ffd53b86000 	C:\WINDOWS\system32\USER32.dll
0x00007ffd556a0000 - 0x00007ffd55826000 	C:\WINDOWS\system32\GDI32.dll
0x00007ffd4aab0000 - 0x00007ffd4ad24000 	C:\WINDOWS\WinSxS\amd64_microsoft.windows.common-controls_6595b64144ccf1df_6.0.10586.0_none_8c15ae12515e1c22\COMCTL32.dll
0x00007ffd53e60000 - 0x00007ffd540dd000 	C:\WINDOWS\system32\combase.dll
0x00007ffd52160000 - 0x00007ffd521ca000 	C:\WINDOWS\system32\bcryptPrimitives.dll
0x00007ffd539f0000 - 0x00007ffd53a2b000 	C:\WINDOWS\system32\IMM32.DLL
0x0000000050ce0000 - 0x0000000050db2000 	D:\Java\jdk1.8.0_73\jre\bin\msvcr100.dll
0x00000000512c0000 - 0x0000000051b50000 	D:\Java\jdk1.8.0_73\jre\bin\server\jvm.dll
0x00007ffd533e0000 - 0x00007ffd533e8000 	C:\WINDOWS\system32\PSAPI.DLL
0x00007ffd4f280000 - 0x00007ffd4f289000 	C:\WINDOWS\SYSTEM32\WSOCK32.dll
0x00007ffd4ff30000 - 0x00007ffd4ff53000 	C:\WINDOWS\SYSTEM32\WINMM.dll
0x00007ffd53d40000 - 0x00007ffd53dab000 	C:\WINDOWS\system32\WS2_32.dll
0x00007ffd4f0f0000 - 0x00007ffd4f0fa000 	C:\WINDOWS\SYSTEM32\VERSION.dll
0x00007ffd4f2e0000 - 0x00007ffd4f30c000 	C:\WINDOWS\SYSTEM32\WINMMBASE.dll
0x00007ffd52110000 - 0x00007ffd52153000 	C:\WINDOWS\system32\cfgmgr32.dll
0x00000000512b0000 - 0x00000000512bf000 	D:\Java\jdk1.8.0_73\jre\bin\verify.dll
0x0000000051280000 - 0x00000000512a9000 	D:\Java\jdk1.8.0_73\jre\bin\java.dll
0x0000000051260000 - 0x0000000051276000 	D:\Java\jdk1.8.0_73\jre\bin\zip.dll
0x00007ffd54140000 - 0x00007ffd5569f000 	C:\WINDOWS\system32\SHELL32.dll
0x00007ffd521d0000 - 0x00007ffd52814000 	C:\WINDOWS\system32\windows.storage.dll
0x00007ffd53ce0000 - 0x00007ffd53d32000 	C:\WINDOWS\system32\shlwapi.dll
0x00007ffd51e90000 - 0x00007ffd51e9f000 	C:\WINDOWS\system32\kernel.appcore.dll
0x00007ffd52820000 - 0x00007ffd528d5000 	C:\WINDOWS\system32\shcore.dll
0x00007ffd51e40000 - 0x00007ffd51e8b000 	C:\WINDOWS\system32\powrprof.dll
0x00007ffd51ea0000 - 0x00007ffd51eb4000 	C:\WINDOWS\system32\profapi.dll

VM Arguments:
jvm_args: -Djava.awt.headless=true -Xmx1024M -Dfile.encoding=GBK -Duser.country=CN -Duser.language=zh -Duser.variant 
java_command: com.android.dx.command.Main --dex --num-threads=4 --output E:\class\MyGitHup\app\build\intermediates\pre-dexed\debug\com.android.support-appcompat-v7-24.0.0_2e54a7da2a3efb55f33cc9285cb598c8034e23ae.jar E:\class\MyGitHup\app\build\intermediates\exploded-aar\com.android.support\appcompat-v7\24.0.0\jars\classes.jar
java_class_path (initial): D:\sdk\build-tools\24.0.0\lib\dx.jar
Launcher Type: SUN_STANDARD

Environment Variables:
JAVA_HOME=D:\Java\jdk1.8.0_73
CLASSPATH=.;D:\Java\jdk1.8.0_73\lib\dt.jar;D:\Java\jdk1.8.0_73\lib\tools.jar
PATH=C:\Program Files (x86)\Intel\iCLS Client\;C:\Program Files\Intel\iCLS Client\;C:\WINDOWS\system32;C:\WINDOWS;C:\WINDOWS\System32\Wbem;C:\WINDOWS\System32\WindowsPowerShell\v1.0\;C:\Program Files\Intel\Intel(R) Management Engine Components\DAL;C:\Program Files\Intel\Intel(R) Management Engine Components\IPT;C:\Program Files (x86)\Intel\Intel(R) Management Engine Components\DAL;C:\Program Files (x86)\Intel\Intel(R) Management Engine Components\IPT;C:\Program Files\Intel\WiFi\bin\;C:\Program Files\Common Files\Intel\WirelessCommon\;D:\Java\jdk1.8.0_73\bin;C:\Program Files (x86)\NVIDIA Corporation\PhysX\Common;E:\study\android\apache-tomcat-6.0.39\bin;D:\program file\mySQL\bin;C:\Program Files\Intel\WiFi\bin\;C:\Program Files\Common Files\Intel\WirelessCommon\;E:\study\android\apache-tomcat-6.0.39\bin;D:\Java\jdk1.8.0_73\bin
USERNAME=Administrator
OS=Windows_NT
PROCESSOR_IDENTIFIER=Intel64 Family 6 Model 60 Stepping 3, GenuineIntel



---------------  S Y S T E M  ---------------

OS: Windows 10.0 , 64 bit Build 10586 (10.0.10586.0)

CPU:total 8 (4 cores per cpu, 2 threads per core) family 6 model 60 stepping 3, cmov, cx8, fxsr, mmx, sse, sse2, sse3, ssse3, sse4.1, sse4.2, popcnt, avx, avx2, aes, clmul, erms, lzcnt, ht, tsc, tscinvbit, bmi1, bmi2

Memory: 4k page, physical 8313132k(1345540k free), swap 8313132k(5148k free)

vm_info: Java HotSpot(TM) 64-Bit Server VM (25.77-b03) for windows-amd64 JRE (1.8.0_77-b03), built on Mar 20 2016 22:01:33 by "java_re" with MS VC++ 10.0 (VS2010)

time: Thu Jul 28 16:33:35 2016
elapsed time: 1 seconds (0d 0h 0m 1s)

